0 info it worked if it ends with ok
1 verbose cli [ '/usr/local/Cellar/node/4.1.1/bin/node',
1 verbose cli   '/usr/local/bin/npm',
1 verbose cli   'start',
1 verbose cli   'run' ]
2 info using npm@3.4.0
3 info using node@v4.1.1
4 verbose run-script [ 'prestart', 'start', 'poststart' ]
5 info lifecycle new_portfolio@~prestart: new_portfolio@
6 silly lifecycle new_portfolio@~prestart: no script for prestart, continuing
7 info lifecycle new_portfolio@~start: new_portfolio@
8 verbose lifecycle new_portfolio@~start: unsafe-perm in lifecycle true
9 verbose lifecycle new_portfolio@~start: PATH: /usr/local/lib/node_modules/npm/bin/node-gyp-bin:/Users/songvc/Desktop/project/new_portfolio/node_modules/.bin:/usr/local/bin:/usr/bin:/bin:/usr/sbin:/sbin:/Applications/Postgres.app/Contents/Versions/latest/bin
10 verbose lifecycle new_portfolio@~start: CWD: /Users/songvc/Desktop/project/new_portfolio
11 silly lifecycle new_portfolio@~start: Args: [ '-c', 'meteor run "run"' ]
12 silly lifecycle new_portfolio@~start: Returned: code: 1  signal: null
13 info lifecycle new_portfolio@~start: Failed to exec start script
14 verbose stack Error: new_portfolio@ start: `meteor run "run"`
14 verbose stack Exit status 1
14 verbose stack     at EventEmitter.<anonymous> (/usr/local/lib/node_modules/npm/lib/utils/lifecycle.js:232:16)
14 verbose stack     at emitTwo (events.js:87:13)
14 verbose stack     at EventEmitter.emit (events.js:172:7)
14 verbose stack     at ChildProcess.<anonymous> (/usr/local/lib/node_modules/npm/lib/utils/spawn.js:24:14)
14 verbose stack     at emitTwo (events.js:87:13)
14 verbose stack     at ChildProcess.emit (events.js:172:7)
14 verbose stack     at maybeClose (internal/child_process.js:817:16)
14 verbose stack     at Process.ChildProcess._handle.onexit (internal/child_process.js:211:5)
15 verbose pkgid new_portfolio@
16 verbose cwd /Users/songvc/Desktop/project/new_portfolio
17 error Darwin 14.1.0
18 error argv "/usr/local/Cellar/node/4.1.1/bin/node" "/usr/local/bin/npm" "start" "run"
19 error node v4.1.1
20 error npm  v3.4.0
21 error code ELIFECYCLE
22 error new_portfolio@ start: `meteor run "run"`
22 error Exit status 1
23 error Failed at the new_portfolio@ start script 'meteor run "run"'.
23 error Make sure you have the latest version of node.js and npm installed.
23 error If you do, this is most likely a problem with the new_portfolio package,
23 error not with npm itself.
23 error Tell the author that this fails on your system:
23 error     meteor run "run"
23 error You can get their info via:
23 error     npm owner ls new_portfolio
23 error There is likely additional logging output above.
24 verbose exit [ 1, true ]
